<?xml version="1.0" encoding="UTF-8"?>
<!-- Generated by org.testng.reporters.JUnitReportReporter -->
<testsuite hostname="DD5B-D-FTMH6Q1" name="org_jenkin.Trident_SignupPage_Blank_Field_Validation_85633" tests="1" failures="0" timestamp="21 Sep 2016 06:00:44 GMT" time="25.504" errors="0">
  <testcase name="SignupPage_Multiple_Field_Blank" time="25.504" classname="org_jenkin.Trident_SignupPage_Blank_Field_Validation_85633"/>
</testsuite> <!-- org_jenkin.Trident_SignupPage_Blank_Field_Validation_85633 -->
