<?xml version="1.0" encoding="UTF-8"?>
<!-- Generated by org.testng.reporters.JUnitReportReporter -->
<testsuite hostname="DD5B-D-FTMH6Q1" name="newtest" tests="3" failures="0" timestamp="20 Sep 2016 09:21:58 GMT" time="9.131" errors="0">
  <testcase name="testPageTitleSampleA" time="9.118" classname="newtest"/>
  <testcase name="testSampleTwo" time="0.007" classname="newtest"/>
  <testcase name="testSampleThree" time="0.006" classname="newtest"/>
</testsuite> <!-- newtest -->
