<?xml version="1.0" encoding="UTF-8"?>
<!-- Generated by org.testng.reporters.JUnitReportReporter -->
<testsuite hostname="DD5B-D-FTMH6Q1" name="org_jenkin.newtest" tests="3" failures="0" timestamp="20 Sep 2016 11:08:12 GMT" time="6.883" errors="0">
  <testcase name="testSampleTwo" time="0.000" classname="org_jenkin.newtest"/>
  <testcase name="testSampleThree" time="0.001" classname="org_jenkin.newtest"/>
  <testcase name="testPageTitleSampleA" time="6.882" classname="org_jenkin.newtest"/>
</testsuite> <!-- org_jenkin.newtest -->
