<?xml version="1.0" encoding="UTF-8"?>
<!-- Generated by org.testng.reporters.JUnitReportReporter -->
<testsuite hostname="DD5B-D-FTMH6Q1" name="org.jenkin.newtest" tests="3" failures="0" timestamp="20 Sep 2016 09:31:52 GMT" time="5.639" errors="0">
  <testcase name="testPageTitleSampleA" time="5.628" classname="org.jenkin.newtest"/>
  <testcase name="testSampleTwo" time="0.005" classname="org.jenkin.newtest"/>
  <testcase name="testSampleThree" time="0.006" classname="org.jenkin.newtest"/>
</testsuite> <!-- org.jenkin.newtest -->
