<?xml version="1.0" encoding="UTF-8"?>
<!-- Generated by org.testng.reporters.JUnitReportReporter -->
<testsuite hostname="DD5B-D-FTMH6Q1" name="jenkins.Trident_SignupPage_Blank_Field_Validation_85633" tests="1" failures="0" timestamp="23 Sep 2016 05:23:33 GMT" time="30.269" errors="0">
  <testcase name="SignupPage_Multiple_Field_Blank" time="30.269" classname="jenkins.Trident_SignupPage_Blank_Field_Validation_85633"/>
</testsuite> <!-- jenkins.Trident_SignupPage_Blank_Field_Validation_85633 -->
