<?xml version="1.0" encoding="UTF-8"?>
<!-- Generated by org.testng.reporters.JUnitReportReporter -->
<testsuite skipped="0" hostname="DDC2-DX-44W1N62" name="jenkins.Newint" tests="3" failures="0" timestamp="13 Oct 2016 06:22:43 GMT" time="5.137" errors="0">
  <testcase name="testSampleTwo" time="0.001" classname="jenkins.Newint"/>
  <testcase name="testPageTitleSampleA" time="5.134" classname="jenkins.Newint"/>
  <testcase name="testSampleThree" time="0.002" classname="jenkins.Newint"/>
</testsuite> <!-- jenkins.Newint -->
