<?xml version="1.0" encoding="UTF-8"?>
<!-- Generated by org.testng.reporters.JUnitReportReporter -->
<testsuite hostname="DD5B-D-1CFJWQ1" name="r09_SignupandLogin_Chrome.Trident_SignupPage_Blank_Field_Validation_85633" tests="1" failures="0" timestamp="15 Sep 2016 09:58:08 GMT" time="41.226" errors="0">
  <testcase name="SignupPage_Multiple_Field_Blank" time="41.226" classname="r09_SignupandLogin_Chrome.Trident_SignupPage_Blank_Field_Validation_85633"/>
</testsuite> <!-- r09_SignupandLogin_Chrome.Trident_SignupPage_Blank_Field_Validation_85633 -->
