<?xml version="1.0" encoding="UTF-8"?>
<!-- Generated by org.testng.reporters.JUnitReportReporter -->
<testsuite hostname="DD5B-D-FTMH6Q1" name="sprint9_scripts.Trident_4_LoginAgainstCompass_26188" tests="1" failures="0" timestamp="26 Jul 2016 10:56:19 GMT" time="29.913" errors="0">
  <testcase name="LoginAgainstCompass" time="29.913" classname="sprint9_scripts.Trident_4_LoginAgainstCompass_26188"/>
</testsuite> <!-- sprint9_scripts.Trident_4_LoginAgainstCompass_26188 -->
