<?xml version="1.0" encoding="UTF-8"?>
<!-- Generated by org.testng.reporters.JUnitReportReporter -->
<testsuite hostname="DDC2-DX-44W1N62" name="jenkins.TestTrident_SignupPage_Blank_Field_Validation_26084" tests="1" failures="0" timestamp="7 Oct 2016 07:27:14 GMT" time="35.861" errors="0">
  <testcase name="SignupPage_Multiple_Field_Blank" time="35.861" classname="jenkins.TestTrident_SignupPage_Blank_Field_Validation_26084"/>
</testsuite>
