<?xml version="1.0" encoding="UTF-8"?>
<!-- Generated by org.testng.reporters.JUnitReportReporter -->
<testsuite hostname="DDC2-DX-44W1N62" name="jenkins.TestNewint" tests="3" failures="0" timestamp="17 Oct 2016 09:40:26 GMT" time="6.207" errors="0">
  <testcase name="testSampleTwo" time="0.001" classname="jenkins.TestNewint"/>
  <testcase name="testPageTitleSampleA" time="6.206" classname="jenkins.TestNewint"/>
  <testcase name="testSampleThree" time="0.000" classname="jenkins.TestNewint"/>
</testsuite>
