<?xml version="1.0" encoding="UTF-8"?>
<!-- Generated by org.testng.reporters.JUnitReportReporter -->
<testsuite hostname="DD5B-D-FTMH6Q1" name="jenkins.TestTrident_SignupPage_Blank_Field_Validation_26084" tests="1" failures="0" timestamp="27 Sep 2016 05:47:27 GMT" time="65.892" errors="0">
  <testcase name="SignupPage_Multiple_Field_Blank" time="65.892" classname="jenkins.TestTrident_SignupPage_Blank_Field_Validation_26084"/>
</testsuite>
