<?xml version="1.0" encoding="UTF-8"?>
<!-- Generated by org.testng.reporters.JUnitReportReporter -->
<testsuite hostname="DD5B-D-FTMH6Q1" name="jenkins.TestTrident_SignupPage_Blank_Field_Validation_85633" tests="1" failures="0" timestamp="26 Sep 2016 10:24:56 GMT" time="39.358" errors="0">
  <testcase name="SignupPage_Multiple_Field_Blank" time="39.358" classname="jenkins.TestTrident_SignupPage_Blank_Field_Validation_85633"/>
</testsuite>
