<?xml version="1.0" encoding="UTF-8"?>
<!-- Generated by org.testng.reporters.JUnitReportReporter -->
<testsuite hostname="DD5B-D-FTMH6Q1" name="jenkins.TestTrident_SignupPage_Invalid_Email_Address_85630" tests="1" failures="0" timestamp="26 Sep 2016 08:39:38 GMT" time="40.756" errors="0">
  <testcase name="SignupPage_Invalid_Email_Address" time="40.756" classname="jenkins.TestTrident_SignupPage_Invalid_Email_Address_85630"/>
</testsuite>
